<?xml version="1.0" encoding="UTF-8"?>
<!-- Generated by org.testng.reporters.JUnitXMLReporter -->
<testsuite hostname="LAPTOP-B6F4M6SR" failures="0" tests="12" name="Test" time="0.037" errors="0" timestamp="10 Jan 2023 18:06:32 GMT">
  <testcase classname="TESTNG.FixedLoan" name="fixedloanapplogin" time="0.006"/>
  <testcase classname="TESTNG.FixedLoan" name="fixedloanbranchallusers" time="0.001"/>
  <testcase classname="TESTNG.FixedLoan" name="fixedloanbranchinvaliduser" time="0.0"/>
  <testcase classname="TESTNG.FixedLoan" name="fixedloanwebinvalidusers" time="0.001"/>
  <testcase classname="TESTNG.FixedLoan" name="fixedloanweblogin" time="0.001"/>
  <testcase classname="TESTNG.FixedLoan" name="fixedloanweballusers" time="0.0"/>
  <testcase classname="TESTNG.FixedLoan" name="fixedloanappvalidusers" time="0.001"/>
  <testcase classname="TESTNG.FixedLoan" name="fixedloanappallusers" time="0.001"/>
  <testcase classname="TESTNG.FixedLoan" name="fixedloanwebvalidusers" time="0.0"/>
  <testcase classname="TESTNG.FixedLoan" name="fixedloanappinvalidusers" time="0.001"/>
  <testcase classname="TESTNG.FixedLoan" name="fixedloanbranchlogin" time="0.0"/>
  <testcase classname="TESTNG.FixedLoan" name="fixedloanbranchvaliduser" time="0.0"/>
</testsuite> <!-- Test -->
